<?xml version="1.0" encoding="utf-8"?><testsuites><testsuite name="pytest" errors="1" failures="0" skipped="0" tests="1" time="1.333" timestamp="2025-08-10T10:37:41.336861+00:00" hostname="eadf12f6b891"><testcase classname="" name="tests.basic_requests_test" time="0.000"><error message="collection failure">ImportError while importing test module '/app/tests/basic_requests_test.py'.
Hint: make sure your test modules/packages have valid Python names.
Traceback:
/usr/local/lib/python3.8/importlib/__init__.py:127: in import_module
    return _bootstrap._gcd_import(name[level:], package, level)
tests/basic_requests_test.py:6: in &lt;module&gt;
    from Read_properties import get_registration_data
E   ModuleNotFoundError: No module named 'Read_properties'</error></testcase></testsuite></testsuites>